{"/Users/mac/Desktop/RetroGame-2/src/js/Character.js": {"path":"/Users/mac/Desktop/RetroGame-2/src/js/Character.js","statementMap":{"0":{"start":{"line":3,"column":4},"end":{"line":5,"column":5}},"1":{"start":{"line":4,"column":6},"end":{"line":4,"column":70}},"2":{"start":{"line":6,"column":4},"end":{"line":6,"column":21}},"3":{"start":{"line":7,"column":4},"end":{"line":7,"column":23}},"4":{"start":{"line":8,"column":4},"end":{"line":8,"column":20}},"5":{"start":{"line":9,"column":4},"end":{"line":9,"column":21}},"6":{"start":{"line":10,"column":4},"end":{"line":10,"column":22}},"7":{"start":{"line":11,"column":4},"end":{"line":11,"column":21}},"8":{"start":{"line":15,"column":4},"end":{"line":15,"column":25}},"9":{"start":{"line":16,"column":4},"end":{"line":16,"column":27}},"10":{"start":{"line":17,"column":4},"end":{"line":17,"column":25}},"11":{"start":{"line":21,"column":4},"end":{"line":26,"column":63}},"12":{"start":{"line":22,"column":6},"end":{"line":22,"column":22}},"13":{"start":{"line":23,"column":6},"end":{"line":23,"column":96}},"14":{"start":{"line":24,"column":6},"end":{"line":24,"column":99}},"15":{"start":{"line":25,"column":6},"end":{"line":25,"column":70}},"16":{"start":{"line":26,"column":11},"end":{"line":26,"column":63}}},"fnMap":{"0":{"name":"(anonymous_0)","decl":{"start":{"line":2,"column":2},"end":{"line":2,"column":3}},"loc":{"start":{"line":2,"column":50},"end":{"line":12,"column":3}},"line":2},"1":{"name":"(anonymous_1)","decl":{"start":{"line":14,"column":2},"end":{"line":14,"column":3}},"loc":{"start":{"line":14,"column":37},"end":{"line":18,"column":3}},"line":14},"2":{"name":"(anonymous_2)","decl":{"start":{"line":20,"column":2},"end":{"line":20,"column":3}},"loc":{"start":{"line":20,"column":12},"end":{"line":27,"column":3}},"line":20}},"branchMap":{"0":{"loc":{"start":{"line":2,"column":21},"end":{"line":2,"column":37}},"type":"default-arg","locations":[{"start":{"line":2,"column":28},"end":{"line":2,"column":37}}],"line":2},"1":{"loc":{"start":{"line":2,"column":39},"end":{"line":2,"column":48}},"type":"default-arg","locations":[{"start":{"line":2,"column":46},"end":{"line":2,"column":48}}],"line":2},"2":{"loc":{"start":{"line":3,"column":4},"end":{"line":5,"column":5}},"type":"if","locations":[{"start":{"line":3,"column":4},"end":{"line":5,"column":5}},{"start":{},"end":{}}],"line":3},"3":{"loc":{"start":{"line":21,"column":4},"end":{"line":26,"column":63}},"type":"if","locations":[{"start":{"line":21,"column":4},"end":{"line":26,"column":63}},{"start":{"line":26,"column":11},"end":{"line":26,"column":63}}],"line":21},"4":{"loc":{"start":{"line":25,"column":20},"end":{"line":25,"column":69}},"type":"cond-expr","locations":[{"start":{"line":25,"column":47},"end":{"line":25,"column":50}},{"start":{"line":25,"column":53},"end":{"line":25,"column":69}}],"line":25}},"s":{"0":10,"1":1,"2":9,"3":9,"4":9,"5":9,"6":9,"7":9,"8":1,"9":1,"10":1,"11":3,"12":2,"13":2,"14":2,"15":2,"16":1},"f":{"0":10,"1":1,"2":3},"b":{"0":[1],"1":[10],"2":[1,9],"3":[2,1],"4":[1,1]},"_coverageSchema":"1a1c01bbd47fc00a2c39e90264f33305004495a9","hash":"74bcab21329c8ff0c845a37cf49c7bbe96611f92"}
,"/Users/mac/Desktop/RetroGame-2/src/js/PositionedCharacter.js": {"path":"/Users/mac/Desktop/RetroGame-2/src/js/PositionedCharacter.js","statementMap":{"0":{"start":{"line":5,"column":4},"end":{"line":7,"column":5}},"1":{"start":{"line":6,"column":6},"end":{"line":6,"column":81}},"2":{"start":{"line":9,"column":4},"end":{"line":11,"column":5}},"3":{"start":{"line":10,"column":6},"end":{"line":10,"column":51}},"4":{"start":{"line":13,"column":4},"end":{"line":13,"column":31}},"5":{"start":{"line":14,"column":4},"end":{"line":14,"column":29}}},"fnMap":{"0":{"name":"(anonymous_0)","decl":{"start":{"line":4,"column":2},"end":{"line":4,"column":3}},"loc":{"start":{"line":4,"column":35},"end":{"line":15,"column":3}},"line":4}},"branchMap":{"0":{"loc":{"start":{"line":5,"column":4},"end":{"line":7,"column":5}},"type":"if","locations":[{"start":{"line":5,"column":4},"end":{"line":7,"column":5}},{"start":{},"end":{}}],"line":5},"1":{"loc":{"start":{"line":9,"column":4},"end":{"line":11,"column":5}},"type":"if","locations":[{"start":{"line":9,"column":4},"end":{"line":11,"column":5}},{"start":{},"end":{}}],"line":9}},"s":{"0":6,"1":1,"2":5,"3":1,"4":4,"5":4},"f":{"0":6},"b":{"0":[1,5],"1":[1,4]},"_coverageSchema":"1a1c01bbd47fc00a2c39e90264f33305004495a9","hash":"4289d3e60df7ae553417fc7e343ed2324ef9e0cc"}
,"/Users/mac/Desktop/RetroGame-2/src/js/data.js": {"path":"/Users/mac/Desktop/RetroGame-2/src/js/data.js","statementMap":{"0":{"start":{"line":2,"column":30},"end":{"line":2,"column":65}},"1":{"start":{"line":3,"column":32},"end":{"line":3,"column":63}},"2":{"start":{"line":4,"column":21},"end":{"line":4,"column":22}},"3":{"start":{"line":5,"column":23},"end":{"line":5,"column":24}},"4":{"start":{"line":6,"column":17},"end":{"line":6,"column":18}},"5":{"start":{"line":7,"column":19},"end":{"line":7,"column":20}},"6":{"start":{"line":8,"column":19},"end":{"line":8,"column":20}},"7":{"start":{"line":9,"column":20},"end":{"line":9,"column":21}},"8":{"start":{"line":10,"column":19},"end":{"line":10,"column":20}},"9":{"start":{"line":11,"column":19},"end":{"line":11,"column":20}}},"fnMap":{},"branchMap":{},"s":{"0":4,"1":4,"2":4,"3":4,"4":4,"5":4,"6":4,"7":4,"8":4,"9":4},"f":{},"b":{},"_coverageSchema":"1a1c01bbd47fc00a2c39e90264f33305004495a9","hash":"ca98de3bb737acf595f6b1fecc1164219bd6d5ae"}
,"/Users/mac/Desktop/RetroGame-2/src/js/utils.js": {"path":"/Users/mac/Desktop/RetroGame-2/src/js/utils.js","statementMap":{"0":{"start":{"line":2,"column":2},"end":{"line":2,"column":37}},"1":{"start":{"line":2,"column":19},"end":{"line":2,"column":37}},"2":{"start":{"line":4,"column":2},"end":{"line":4,"column":52}},"3":{"start":{"line":4,"column":33},"end":{"line":4,"column":52}},"4":{"start":{"line":6,"column":2},"end":{"line":6,"column":60}},"5":{"start":{"line":6,"column":38},"end":{"line":6,"column":60}},"6":{"start":{"line":8,"column":2},"end":{"line":8,"column":67}},"7":{"start":{"line":8,"column":46},"end":{"line":8,"column":67}},"8":{"start":{"line":10,"column":2},"end":{"line":10,"column":57}},"9":{"start":{"line":10,"column":44},"end":{"line":10,"column":57}},"10":{"start":{"line":12,"column":2},"end":{"line":12,"column":62}},"11":{"start":{"line":12,"column":47},"end":{"line":12,"column":62}},"12":{"start":{"line":14,"column":2},"end":{"line":14,"column":92}},"13":{"start":{"line":14,"column":76},"end":{"line":14,"column":92}},"14":{"start":{"line":16,"column":2},"end":{"line":16,"column":47}},"15":{"start":{"line":16,"column":33},"end":{"line":16,"column":47}},"16":{"start":{"line":18,"column":2},"end":{"line":18,"column":18}},"17":{"start":{"line":22,"column":2},"end":{"line":24,"column":3}},"18":{"start":{"line":23,"column":4},"end":{"line":23,"column":22}},"19":{"start":{"line":26,"column":2},"end":{"line":28,"column":3}},"20":{"start":{"line":27,"column":4},"end":{"line":27,"column":20}},"21":{"start":{"line":30,"column":2},"end":{"line":30,"column":16}},"22":{"start":{"line":34,"column":2},"end":{"line":34,"column":59}},"23":{"start":{"line":38,"column":2},"end":{"line":38,"column":93}},"24":{"start":{"line":38,"column":40},"end":{"line":38,"column":93}},"25":{"start":{"line":39,"column":2},"end":{"line":39,"column":19}},"26":{"start":{"line":43,"column":2},"end":{"line":43,"column":87}},"27":{"start":{"line":43,"column":37},"end":{"line":43,"column":87}},"28":{"start":{"line":44,"column":12},"end":{"line":44,"column":36}},"29":{"start":{"line":45,"column":12},"end":{"line":45,"column":36}},"30":{"start":{"line":46,"column":2},"end":{"line":46,"column":16}},"31":{"start":{"line":50,"column":17},"end":{"line":50,"column":19}},"32":{"start":{"line":53,"column":2},"end":{"line":54,"column":76}},"33":{"start":{"line":53,"column":15},"end":{"line":53,"column":16}},"34":{"start":{"line":53,"column":22},"end":{"line":53,"column":23}},"35":{"start":{"line":54,"column":20},"end":{"line":54,"column":76}},"36":{"start":{"line":57,"column":2},"end":{"line":58,"column":76}},"37":{"start":{"line":57,"column":15},"end":{"line":57,"column":16}},"38":{"start":{"line":57,"column":22},"end":{"line":57,"column":23}},"39":{"start":{"line":58,"column":20},"end":{"line":58,"column":76}},"40":{"start":{"line":61,"column":2},"end":{"line":62,"column":76}},"41":{"start":{"line":61,"column":15},"end":{"line":61,"column":16}},"42":{"start":{"line":61,"column":22},"end":{"line":61,"column":23}},"43":{"start":{"line":62,"column":20},"end":{"line":62,"column":76}},"44":{"start":{"line":65,"column":2},"end":{"line":66,"column":76}},"45":{"start":{"line":65,"column":15},"end":{"line":65,"column":16}},"46":{"start":{"line":65,"column":22},"end":{"line":65,"column":23}},"47":{"start":{"line":66,"column":20},"end":{"line":66,"column":76}},"48":{"start":{"line":68,"column":2},"end":{"line":68,"column":69}},"49":{"start":{"line":68,"column":31},"end":{"line":68,"column":67}},"50":{"start":{"line":72,"column":22},"end":{"line":72,"column":95}},"51":{"start":{"line":74,"column":17},"end":{"line":74,"column":19}},"52":{"start":{"line":77,"column":2},"end":{"line":79,"column":80}},"53":{"start":{"line":77,"column":15},"end":{"line":77,"column":16}},"54":{"start":{"line":77,"column":22},"end":{"line":77,"column":23}},"55":{"start":{"line":79,"column":20},"end":{"line":79,"column":80}},"56":{"start":{"line":82,"column":2},"end":{"line":84,"column":80}},"57":{"start":{"line":82,"column":15},"end":{"line":82,"column":16}},"58":{"start":{"line":82,"column":22},"end":{"line":82,"column":23}},"59":{"start":{"line":84,"column":20},"end":{"line":84,"column":80}},"60":{"start":{"line":87,"column":2},"end":{"line":89,"column":80}},"61":{"start":{"line":87,"column":15},"end":{"line":87,"column":16}},"62":{"start":{"line":87,"column":22},"end":{"line":87,"column":23}},"63":{"start":{"line":89,"column":20},"end":{"line":89,"column":80}},"64":{"start":{"line":92,"column":2},"end":{"line":94,"column":80}},"65":{"start":{"line":92,"column":15},"end":{"line":92,"column":16}},"66":{"start":{"line":92,"column":22},"end":{"line":92,"column":23}},"67":{"start":{"line":94,"column":20},"end":{"line":94,"column":80}},"68":{"start":{"line":96,"column":2},"end":{"line":97,"column":27}},"69":{"start":{"line":96,"column":32},"end":{"line":96,"column":68}},"70":{"start":{"line":97,"column":20},"end":{"line":97,"column":25}},"71":{"start":{"line":101,"column":17},"end":{"line":101,"column":19}},"72":{"start":{"line":104,"column":4},"end":{"line":106,"column":5}},"73":{"start":{"line":104,"column":17},"end":{"line":104,"column":30}},"74":{"start":{"line":105,"column":6},"end":{"line":105,"column":26}},"75":{"start":{"line":107,"column":4},"end":{"line":109,"column":5}},"76":{"start":{"line":107,"column":17},"end":{"line":107,"column":30}},"77":{"start":{"line":108,"column":6},"end":{"line":108,"column":26}},"78":{"start":{"line":112,"column":22},"end":{"line":112,"column":95}},"79":{"start":{"line":115,"column":2},"end":{"line":117,"column":3}},"80":{"start":{"line":115,"column":15},"end":{"line":115,"column":36}},"81":{"start":{"line":116,"column":4},"end":{"line":116,"column":47}},"82":{"start":{"line":120,"column":2},"end":{"line":122,"column":3}},"83":{"start":{"line":120,"column":15},"end":{"line":120,"column":36}},"84":{"start":{"line":121,"column":4},"end":{"line":121,"column":47}},"85":{"start":{"line":124,"column":2},"end":{"line":125,"column":27}},"86":{"start":{"line":124,"column":32},"end":{"line":124,"column":68}},"87":{"start":{"line":125,"column":20},"end":{"line":125,"column":25}},"88":{"start":{"line":131,"column":25},"end":{"line":131,"column":59}},"89":{"start":{"line":135,"column":24},"end":{"line":135,"column":97}},"90":{"start":{"line":138,"column":26},"end":{"line":141,"column":3}},"91":{"start":{"line":143,"column":2},"end":{"line":143,"column":42}}},"fnMap":{"0":{"name":"calcTileType","decl":{"start":{"line":1,"column":16},"end":{"line":1,"column":28}},"loc":{"start":{"line":1,"column":47},"end":{"line":19,"column":1}},"line":1},"1":{"name":"calcHealthLevel","decl":{"start":{"line":21,"column":16},"end":{"line":21,"column":31}},"loc":{"start":{"line":21,"column":40},"end":{"line":31,"column":1}},"line":21},"2":{"name":"getRandomInteger","decl":{"start":{"line":33,"column":16},"end":{"line":33,"column":32}},"loc":{"start":{"line":33,"column":43},"end":{"line":35,"column":1}},"line":33},"3":{"name":"coordsToPosition","decl":{"start":{"line":37,"column":16},"end":{"line":37,"column":32}},"loc":{"start":{"line":37,"column":39},"end":{"line":40,"column":1}},"line":37},"4":{"name":"positionToCoords","decl":{"start":{"line":42,"column":16},"end":{"line":42,"column":32}},"loc":{"start":{"line":42,"column":43},"end":{"line":47,"column":1}},"line":42},"5":{"name":"getAvailableHorizontalVerticalPositionsByValue","decl":{"start":{"line":49,"column":16},"end":{"line":49,"column":62}},"loc":{"start":{"line":49,"column":90},"end":{"line":69,"column":1}},"line":49},"6":{"name":"(anonymous_6)","decl":{"start":{"line":68,"column":20},"end":{"line":68,"column":21}},"loc":{"start":{"line":68,"column":31},"end":{"line":68,"column":67}},"line":68},"7":{"name":"getAvailableMovePositions","decl":{"start":{"line":71,"column":16},"end":{"line":71,"column":41}},"loc":{"start":{"line":71,"column":69},"end":{"line":98,"column":1}},"line":71},"8":{"name":"(anonymous_8)","decl":{"start":{"line":96,"column":21},"end":{"line":96,"column":22}},"loc":{"start":{"line":96,"column":32},"end":{"line":96,"column":68}},"line":96},"9":{"name":"(anonymous_9)","decl":{"start":{"line":97,"column":10},"end":{"line":97,"column":11}},"loc":{"start":{"line":97,"column":20},"end":{"line":97,"column":25}},"line":97},"10":{"name":"getAvailableAttackPositions","decl":{"start":{"line":100,"column":16},"end":{"line":100,"column":43}},"loc":{"start":{"line":100,"column":71},"end":{"line":126,"column":1}},"line":100},"11":{"name":"repeatedY","decl":{"start":{"line":103,"column":11},"end":{"line":103,"column":20}},"loc":{"start":{"line":103,"column":45},"end":{"line":110,"column":3}},"line":103},"12":{"name":"(anonymous_12)","decl":{"start":{"line":124,"column":21},"end":{"line":124,"column":22}},"loc":{"start":{"line":124,"column":32},"end":{"line":124,"column":68}},"line":124},"13":{"name":"(anonymous_13)","decl":{"start":{"line":125,"column":10},"end":{"line":125,"column":11}},"loc":{"start":{"line":125,"column":20},"end":{"line":125,"column":25}},"line":125},"14":{"name":"getAvailablePositions","decl":{"start":{"line":128,"column":16},"end":{"line":128,"column":37}},"loc":{"start":{"line":128,"column":75},"end":{"line":144,"column":1}},"line":128}},"branchMap":{"0":{"loc":{"start":{"line":2,"column":2},"end":{"line":2,"column":37}},"type":"if","locations":[{"start":{"line":2,"column":2},"end":{"line":2,"column":37}},{"start":{},"end":{}}],"line":2},"1":{"loc":{"start":{"line":4,"column":2},"end":{"line":4,"column":52}},"type":"if","locations":[{"start":{"line":4,"column":2},"end":{"line":4,"column":52}},{"start":{},"end":{}}],"line":4},"2":{"loc":{"start":{"line":6,"column":2},"end":{"line":6,"column":60}},"type":"if","locations":[{"start":{"line":6,"column":2},"end":{"line":6,"column":60}},{"start":{},"end":{}}],"line":6},"3":{"loc":{"start":{"line":8,"column":2},"end":{"line":8,"column":67}},"type":"if","locations":[{"start":{"line":8,"column":2},"end":{"line":8,"column":67}},{"start":{},"end":{}}],"line":8},"4":{"loc":{"start":{"line":10,"column":2},"end":{"line":10,"column":57}},"type":"if","locations":[{"start":{"line":10,"column":2},"end":{"line":10,"column":57}},{"start":{},"end":{}}],"line":10},"5":{"loc":{"start":{"line":10,"column":6},"end":{"line":10,"column":42}},"type":"binary-expr","locations":[{"start":{"line":10,"column":6},"end":{"line":10,"column":15}},{"start":{"line":10,"column":19},"end":{"line":10,"column":42}}],"line":10},"6":{"loc":{"start":{"line":12,"column":2},"end":{"line":12,"column":62}},"type":"if","locations":[{"start":{"line":12,"column":2},"end":{"line":12,"column":62}},{"start":{},"end":{}}],"line":12},"7":{"loc":{"start":{"line":14,"column":2},"end":{"line":14,"column":92}},"type":"if","locations":[{"start":{"line":14,"column":2},"end":{"line":14,"column":92}},{"start":{},"end":{}}],"line":14},"8":{"loc":{"start":{"line":14,"column":6},"end":{"line":14,"column":74}},"type":"binary-expr","locations":[{"start":{"line":14,"column":6},"end":{"line":14,"column":42}},{"start":{"line":14,"column":46},"end":{"line":14,"column":74}}],"line":14},"9":{"loc":{"start":{"line":16,"column":2},"end":{"line":16,"column":47}},"type":"if","locations":[{"start":{"line":16,"column":2},"end":{"line":16,"column":47}},{"start":{},"end":{}}],"line":16},"10":{"loc":{"start":{"line":22,"column":2},"end":{"line":24,"column":3}},"type":"if","locations":[{"start":{"line":22,"column":2},"end":{"line":24,"column":3}},{"start":{},"end":{}}],"line":22},"11":{"loc":{"start":{"line":26,"column":2},"end":{"line":28,"column":3}},"type":"if","locations":[{"start":{"line":26,"column":2},"end":{"line":28,"column":3}},{"start":{},"end":{}}],"line":26},"12":{"loc":{"start":{"line":38,"column":2},"end":{"line":38,"column":93}},"type":"if","locations":[{"start":{"line":38,"column":2},"end":{"line":38,"column":93}},{"start":{},"end":{}}],"line":38},"13":{"loc":{"start":{"line":38,"column":6},"end":{"line":38,"column":38}},"type":"binary-expr","locations":[{"start":{"line":38,"column":6},"end":{"line":38,"column":11}},{"start":{"line":38,"column":15},"end":{"line":38,"column":20}},{"start":{"line":38,"column":24},"end":{"line":38,"column":29}},{"start":{"line":38,"column":33},"end":{"line":38,"column":38}}],"line":38},"14":{"loc":{"start":{"line":43,"column":2},"end":{"line":43,"column":87}},"type":"if","locations":[{"start":{"line":43,"column":2},"end":{"line":43,"column":87}},{"start":{},"end":{}}],"line":43},"15":{"loc":{"start":{"line":43,"column":6},"end":{"line":43,"column":35}},"type":"binary-expr","locations":[{"start":{"line":43,"column":6},"end":{"line":43,"column":18}},{"start":{"line":43,"column":22},"end":{"line":43,"column":35}}],"line":43},"16":{"loc":{"start":{"line":53,"column":25},"end":{"line":53,"column":68}},"type":"binary-expr","locations":[{"start":{"line":53,"column":25},"end":{"line":53,"column":51}},{"start":{"line":53,"column":55},"end":{"line":53,"column":68}}],"line":53},"17":{"loc":{"start":{"line":57,"column":25},"end":{"line":57,"column":68}},"type":"binary-expr","locations":[{"start":{"line":57,"column":25},"end":{"line":57,"column":51}},{"start":{"line":57,"column":55},"end":{"line":57,"column":68}}],"line":57},"18":{"loc":{"start":{"line":61,"column":25},"end":{"line":61,"column":68}},"type":"binary-expr","locations":[{"start":{"line":61,"column":25},"end":{"line":61,"column":51}},{"start":{"line":61,"column":55},"end":{"line":61,"column":68}}],"line":61},"19":{"loc":{"start":{"line":65,"column":25},"end":{"line":65,"column":68}},"type":"binary-expr","locations":[{"start":{"line":65,"column":25},"end":{"line":65,"column":51}},{"start":{"line":65,"column":55},"end":{"line":65,"column":68}}],"line":65},"20":{"loc":{"start":{"line":78,"column":4},"end":{"line":78,"column":77}},"type":"binary-expr","locations":[{"start":{"line":78,"column":4},"end":{"line":78,"column":30}},{"start":{"line":78,"column":34},"end":{"line":78,"column":60}},{"start":{"line":78,"column":64},"end":{"line":78,"column":77}}],"line":78},"21":{"loc":{"start":{"line":83,"column":4},"end":{"line":83,"column":77}},"type":"binary-expr","locations":[{"start":{"line":83,"column":4},"end":{"line":83,"column":30}},{"start":{"line":83,"column":34},"end":{"line":83,"column":60}},{"start":{"line":83,"column":64},"end":{"line":83,"column":77}}],"line":83},"22":{"loc":{"start":{"line":88,"column":4},"end":{"line":88,"column":77}},"type":"binary-expr","locations":[{"start":{"line":88,"column":4},"end":{"line":88,"column":30}},{"start":{"line":88,"column":34},"end":{"line":88,"column":60}},{"start":{"line":88,"column":64},"end":{"line":88,"column":77}}],"line":88},"23":{"loc":{"start":{"line":93,"column":4},"end":{"line":93,"column":77}},"type":"binary-expr","locations":[{"start":{"line":93,"column":4},"end":{"line":93,"column":30}},{"start":{"line":93,"column":34},"end":{"line":93,"column":60}},{"start":{"line":93,"column":64},"end":{"line":93,"column":77}}],"line":93},"24":{"loc":{"start":{"line":104,"column":32},"end":{"line":104,"column":67}},"type":"binary-expr","locations":[{"start":{"line":104,"column":32},"end":{"line":104,"column":38}},{"start":{"line":104,"column":42},"end":{"line":104,"column":67}}],"line":104},"25":{"loc":{"start":{"line":107,"column":32},"end":{"line":107,"column":67}},"type":"binary-expr","locations":[{"start":{"line":107,"column":32},"end":{"line":107,"column":38}},{"start":{"line":107,"column":42},"end":{"line":107,"column":67}}],"line":107},"26":{"loc":{"start":{"line":115,"column":38},"end":{"line":115,"column":82}},"type":"binary-expr","locations":[{"start":{"line":115,"column":38},"end":{"line":115,"column":44}},{"start":{"line":115,"column":48},"end":{"line":115,"column":82}}],"line":115},"27":{"loc":{"start":{"line":120,"column":38},"end":{"line":120,"column":82}},"type":"binary-expr","locations":[{"start":{"line":120,"column":38},"end":{"line":120,"column":44}},{"start":{"line":120,"column":48},"end":{"line":120,"column":82}}],"line":120}},"s":{"0":34,"1":2,"2":32,"3":2,"4":30,"5":2,"6":28,"7":2,"8":26,"9":4,"10":22,"11":4,"12":18,"13":4,"14":14,"15":4,"16":10,"17":5,"18":1,"19":4,"20":2,"21":2,"22":1,"23":129,"24":1,"25":128,"26":7,"27":1,"28":6,"29":6,"30":6,"31":15,"32":15,"33":15,"34":15,"35":20,"36":15,"37":15,"38":15,"39":22,"40":15,"41":15,"42":15,"43":21,"44":15,"45":15,"46":15,"47":17,"48":15,"49":80,"50":10,"51":10,"52":10,"53":10,"54":10,"55":7,"56":10,"57":10,"58":10,"59":12,"60":10,"61":10,"62":10,"63":11,"64":10,"65":10,"66":10,"67":9,"68":10,"69":39,"70":256,"71":5,"72":6,"73":6,"74":4,"75":6,"76":6,"77":4,"78":5,"79":5,"80":5,"81":3,"82":5,"83":5,"84":3,"85":5,"86":8,"87":31,"88":5,"89":5,"90":5,"91":5},"f":{"0":34,"1":5,"2":1,"3":129,"4":7,"5":15,"6":80,"7":10,"8":39,"9":256,"10":5,"11":6,"12":8,"13":31,"14":5},"b":{"0":[2,32],"1":[2,30],"2":[2,28],"3":[2,26],"4":[4,22],"5":[26,26],"6":[4,18],"7":[4,14],"8":[18,4],"9":[4,10],"10":[1,4],"11":[2,2],"12":[1,128],"13":[129,128,128,128],"14":[1,6],"15":[7,6],"16":[35,28],"17":[37,31],"18":[36,29],"19":[32,24],"20":[17,12,10],"21":[22,18,15],"22":[21,17,14],"23":[19,14,12],"24":[10,8],"25":[10,8],"26":[8,5],"27":[8,6]},"_coverageSchema":"1a1c01bbd47fc00a2c39e90264f33305004495a9","hash":"3b93960edbbb1bd2a27b5f70b274e62d475448f1"}
,"/Users/mac/Desktop/RetroGame-2/src/js/Characters/Bowerman.js": {"path":"/Users/mac/Desktop/RetroGame-2/src/js/Characters/Bowerman.js","statementMap":{"0":{"start":{"line":6,"column":4},"end":{"line":6,"column":43}},"1":{"start":{"line":7,"column":4},"end":{"line":7,"column":21}},"2":{"start":{"line":8,"column":4},"end":{"line":8,"column":22}},"3":{"start":{"line":9,"column":4},"end":{"line":9,"column":26}},"4":{"start":{"line":10,"column":4},"end":{"line":10,"column":28}}},"fnMap":{"0":{"name":"(anonymous_0)","decl":{"start":{"line":5,"column":2},"end":{"line":5,"column":3}},"loc":{"start":{"line":5,"column":21},"end":{"line":11,"column":3}},"line":5}},"branchMap":{},"s":{"0":1,"1":1,"2":1,"3":1,"4":1},"f":{"0":1},"b":{},"_coverageSchema":"1a1c01bbd47fc00a2c39e90264f33305004495a9","hash":"88089b227eea81222d765d67b320d422ad28cf0b"}
,"/Users/mac/Desktop/RetroGame-2/src/js/Characters/Magician.js": {"path":"/Users/mac/Desktop/RetroGame-2/src/js/Characters/Magician.js","statementMap":{"0":{"start":{"line":6,"column":4},"end":{"line":6,"column":43}},"1":{"start":{"line":7,"column":4},"end":{"line":7,"column":21}},"2":{"start":{"line":8,"column":4},"end":{"line":8,"column":22}},"3":{"start":{"line":9,"column":4},"end":{"line":9,"column":26}},"4":{"start":{"line":10,"column":4},"end":{"line":10,"column":28}}},"fnMap":{"0":{"name":"(anonymous_0)","decl":{"start":{"line":5,"column":2},"end":{"line":5,"column":3}},"loc":{"start":{"line":5,"column":21},"end":{"line":11,"column":3}},"line":5}},"branchMap":{},"s":{"0":1,"1":1,"2":1,"3":1,"4":1},"f":{"0":1},"b":{},"_coverageSchema":"1a1c01bbd47fc00a2c39e90264f33305004495a9","hash":"3ebbd649d984c3e8ef38b731203602b83a1c97a2"}
,"/Users/mac/Desktop/RetroGame-2/src/js/Characters/Swordsman.js": {"path":"/Users/mac/Desktop/RetroGame-2/src/js/Characters/Swordsman.js","statementMap":{"0":{"start":{"line":6,"column":4},"end":{"line":6,"column":43}},"1":{"start":{"line":7,"column":4},"end":{"line":7,"column":21}},"2":{"start":{"line":8,"column":4},"end":{"line":8,"column":22}},"3":{"start":{"line":9,"column":4},"end":{"line":9,"column":26}},"4":{"start":{"line":10,"column":4},"end":{"line":10,"column":28}}},"fnMap":{"0":{"name":"(anonymous_0)","decl":{"start":{"line":5,"column":2},"end":{"line":5,"column":3}},"loc":{"start":{"line":5,"column":21},"end":{"line":11,"column":3}},"line":5}},"branchMap":{},"s":{"0":7,"1":7,"2":7,"3":7,"4":7},"f":{"0":7},"b":{},"_coverageSchema":"1a1c01bbd47fc00a2c39e90264f33305004495a9","hash":"bea7a6334995284014ae92c8c5dcd35a6c6bb7f2"}
}
