TN:
SF:src/js/Character.js
FN:2,(anonymous_0)
FN:14,(anonymous_1)
FN:20,(anonymous_2)
FNF:3
FNH:3
FNDA:10,(anonymous_0)
FNDA:1,(anonymous_1)
FNDA:3,(anonymous_2)
DA:3,10
DA:4,1
DA:6,9
DA:7,9
DA:8,9
DA:9,9
DA:10,9
DA:11,9
DA:15,1
DA:16,1
DA:17,1
DA:21,3
DA:22,2
DA:23,2
DA:24,2
DA:25,2
DA:26,1
LF:17
LH:17
BRDA:2,0,0,1
BRDA:2,1,0,10
BRDA:3,2,0,1
BRDA:3,2,1,9
BRDA:21,3,0,2
BRDA:21,3,1,1
BRDA:25,4,0,1
BRDA:25,4,1,1
BRF:8
BRH:8
end_of_record
TN:
SF:src/js/PositionedCharacter.js
FN:4,(anonymous_0)
FNF:1
FNH:1
FNDA:6,(anonymous_0)
DA:5,6
DA:6,1
DA:9,5
DA:10,1
DA:13,4
DA:14,4
LF:6
LH:6
BRDA:5,0,0,1
BRDA:5,0,1,5
BRDA:9,1,0,1
BRDA:9,1,1,4
BRF:4
BRH:4
end_of_record
TN:
SF:src/js/data.js
FNF:0
FNH:0
DA:2,4
DA:3,4
DA:4,4
DA:5,4
DA:6,4
DA:7,4
DA:8,4
DA:9,4
DA:10,4
DA:11,4
LF:10
LH:10
BRF:0
BRH:0
end_of_record
TN:
SF:src/js/utils.js
FN:1,calcTileType
FN:21,calcHealthLevel
FN:33,getRandomInteger
FN:37,coordsToPosition
FN:42,positionToCoords
FN:49,getAvailableHorizontalVerticalPositionsByValue
FN:68,(anonymous_6)
FN:71,getAvailableMovePositions
FN:96,(anonymous_8)
FN:97,(anonymous_9)
FN:100,getAvailableAttackPositions
FN:103,repeatedY
FN:124,(anonymous_12)
FN:125,(anonymous_13)
FN:128,getAvailablePositions
FNF:15
FNH:15
FNDA:34,calcTileType
FNDA:5,calcHealthLevel
FNDA:1,getRandomInteger
FNDA:129,coordsToPosition
FNDA:7,positionToCoords
FNDA:15,getAvailableHorizontalVerticalPositionsByValue
FNDA:80,(anonymous_6)
FNDA:10,getAvailableMovePositions
FNDA:39,(anonymous_8)
FNDA:256,(anonymous_9)
FNDA:5,getAvailableAttackPositions
FNDA:6,repeatedY
FNDA:8,(anonymous_12)
FNDA:31,(anonymous_13)
FNDA:5,getAvailablePositions
DA:2,34
DA:4,32
DA:6,30
DA:8,28
DA:10,26
DA:12,22
DA:14,18
DA:16,14
DA:18,10
DA:22,5
DA:23,1
DA:26,4
DA:27,2
DA:30,2
DA:34,1
DA:38,129
DA:39,128
DA:43,7
DA:44,6
DA:45,6
DA:46,6
DA:50,15
DA:53,15
DA:54,20
DA:57,15
DA:58,22
DA:61,15
DA:62,21
DA:65,15
DA:66,17
DA:68,80
DA:72,10
DA:74,10
DA:77,10
DA:79,7
DA:82,10
DA:84,12
DA:87,10
DA:89,11
DA:92,10
DA:94,9
DA:96,39
DA:97,256
DA:101,5
DA:104,6
DA:105,4
DA:107,6
DA:108,4
DA:112,5
DA:115,5
DA:116,3
DA:120,5
DA:121,3
DA:124,8
DA:125,31
DA:131,5
DA:135,5
DA:138,5
DA:143,5
LF:59
LH:59
BRDA:2,0,0,2
BRDA:2,0,1,32
BRDA:4,1,0,2
BRDA:4,1,1,30
BRDA:6,2,0,2
BRDA:6,2,1,28
BRDA:8,3,0,2
BRDA:8,3,1,26
BRDA:10,4,0,4
BRDA:10,4,1,22
BRDA:10,5,0,26
BRDA:10,5,1,26
BRDA:12,6,0,4
BRDA:12,6,1,18
BRDA:14,7,0,4
BRDA:14,7,1,14
BRDA:14,8,0,18
BRDA:14,8,1,4
BRDA:16,9,0,4
BRDA:16,9,1,10
BRDA:22,10,0,1
BRDA:22,10,1,4
BRDA:26,11,0,2
BRDA:26,11,1,2
BRDA:38,12,0,1
BRDA:38,12,1,128
BRDA:38,13,0,129
BRDA:38,13,1,128
BRDA:38,13,2,128
BRDA:38,13,3,128
BRDA:43,14,0,1
BRDA:43,14,1,6
BRDA:43,15,0,7
BRDA:43,15,1,6
BRDA:53,16,0,35
BRDA:53,16,1,28
BRDA:57,17,0,37
BRDA:57,17,1,31
BRDA:61,18,0,36
BRDA:61,18,1,29
BRDA:65,19,0,32
BRDA:65,19,1,24
BRDA:78,20,0,17
BRDA:78,20,1,12
BRDA:78,20,2,10
BRDA:83,21,0,22
BRDA:83,21,1,18
BRDA:83,21,2,15
BRDA:88,22,0,21
BRDA:88,22,1,17
BRDA:88,22,2,14
BRDA:93,23,0,19
BRDA:93,23,1,14
BRDA:93,23,2,12
BRDA:104,24,0,10
BRDA:104,24,1,8
BRDA:107,25,0,10
BRDA:107,25,1,8
BRDA:115,26,0,8
BRDA:115,26,1,5
BRDA:120,27,0,8
BRDA:120,27,1,6
BRF:62
BRH:62
end_of_record
TN:
SF:src/js/Characters/Bowerman.js
FN:5,(anonymous_0)
FNF:1
FNH:1
FNDA:1,(anonymous_0)
DA:6,1
DA:7,1
DA:8,1
DA:9,1
DA:10,1
LF:5
LH:5
BRF:0
BRH:0
end_of_record
TN:
SF:src/js/Characters/Magician.js
FN:5,(anonymous_0)
FNF:1
FNH:1
FNDA:1,(anonymous_0)
DA:6,1
DA:7,1
DA:8,1
DA:9,1
DA:10,1
LF:5
LH:5
BRF:0
BRH:0
end_of_record
TN:
SF:src/js/Characters/Swordsman.js
FN:5,(anonymous_0)
FNF:1
FNH:1
FNDA:7,(anonymous_0)
DA:6,7
DA:7,7
DA:8,7
DA:9,7
DA:10,7
LF:5
LH:5
BRF:0
BRH:0
end_of_record
